2024-03-19 16:33:34,631 - SSH - INFO - Initializing SSH...
2024-03-20 11:33:51,696 - SSH - INFO - Initializing SSH...
2024-03-20 11:34:41,111 - SSH - INFO - Channel accepted from <socket.socket fd=38, family=2, type=1, proto=0, laddr=('127.0.0.1', 8825), raddr=('127.0.0.1', 52560)>
2024-03-20 11:34:42,418 - SSH - INFO - Received command: 
{'source_ip': '', 'source_port': 0, 'dest_ip': '', 'dest_port': 0, 'command': 'ls\r'}
2024-03-20 11:34:43,555 - SSH - INFO - Received command: 
{'source_ip': '', 'source_port': 0, 'dest_ip': '', 'dest_port': 0, 'command': '\r'}
2024-03-20 11:34:45,745 - SSH - INFO - Received command: 
{'source_ip': '', 'source_port': 0, 'dest_ip': '', 'dest_port': 0, 'command': 'ls -al\r'}
2024-03-20 11:34:49,262 - SSH - INFO - Received command: 
{'source_ip': '', 'source_port': 0, 'dest_ip': '', 'dest_port': 0, 'command': 'ls -lisa\r'}
2024-03-20 11:35:19,670 - SSH - INFO - Received command: 
{'source_ip': '', 'source_port': 0, 'dest_ip': '', 'dest_port': 0, 'command': 'logout\r'}
2024-03-20 11:35:21,626 - SSH - INFO - Received command: 
{'source_ip': '', 'source_port': 0, 'dest_ip': '', 'dest_port': 0, 'command': '\r'}
2024-03-20 11:37:58,207 - SSH - INFO - Initializing SSH...
2024-03-20 11:52:49,131 - SSH - INFO - Initializing SSH...
2024-03-20 11:53:14,648 - SSH - INFO - Initializing SSH...
2024-03-20 12:59:10,164 - SSH - INFO - Initializing SSH...
2024-03-20 13:03:56,133 - SSH - INFO - Initializing SSH...
2024-03-20 18:17:21,992 - SSH - INFO - Initializing SSH...
2024-03-20 18:19:41,587 - SSH - INFO - Initializing SSH...
