2024-03-20 18:17:20,969 - GLOBAL_SET - INFO - Booting the current honeypot instance...
2024-03-20 18:17:20,969 - GLOBAL_SET - INFO - Set $NAME -> My-Default-Honeypot
2024-03-20 18:17:20,969 - GLOBAL_SET - INFO - Set $HOSTNAME -> 0.0.0.0
2024-03-20 18:17:20,969 - GLOBAL_SET - INFO - Set $PORTS -> [8080, 8081, 8082]
2024-03-20 18:17:20,969 - GLOBAL_SET - INFO - Set $MODE -> 44
2024-03-20 18:17:20,969 - GLOBAL_SET - INFO - Set $CLUSTER_NODES -> []
2024-03-20 18:17:20,969 - GLOBAL_SET - INFO - Init an empty history buffer (BUF_SIZE=4096)...
2024-03-20 18:17:20,974 - GLOBAL_SET - INFO - Importing default configurations...
2024-03-20 18:17:20,974 - GLOBAL_SET - INFO - Initializing threads stack...
2024-03-20 18:17:20,974 - GLOBAL_SET - INFO - Adding service <SSH> to port: 8825
2024-03-20 18:17:21,992 - GLOBAL_SET - INFO - Adding service <HTTP> to port: 9999
2024-03-20 18:17:21,993 - GLOBAL_SET - INFO - Adding service <SMTP> to port: 9924
2024-03-20 18:17:21,993 - GLOBAL_SET - INFO - Adding service <Telnet> to port: 9925
2024-03-20 18:17:21,994 - GLOBAL_SET - INFO - Adding service <FTP> to port: 9926
2024-03-20 18:19:30,869 - GLOBAL_SET - INFO - Quitting...
2024-03-20 18:19:40,988 - GLOBAL_SET - INFO - Booting the current honeypot instance...
2024-03-20 18:19:40,988 - GLOBAL_SET - INFO - Set $NAME -> My-Default-Honeypot
2024-03-20 18:19:40,988 - GLOBAL_SET - INFO - Set $HOSTNAME -> 0.0.0.0
2024-03-20 18:19:40,988 - GLOBAL_SET - INFO - Set $PORTS -> [8080, 8081, 8082]
2024-03-20 18:19:40,988 - GLOBAL_SET - INFO - Set $MODE -> 44
2024-03-20 18:19:40,988 - GLOBAL_SET - INFO - Set $CLUSTER_NODES -> []
2024-03-20 18:19:40,988 - GLOBAL_SET - INFO - Init an empty history buffer (BUF_SIZE=4096)...
2024-03-20 18:19:40,994 - GLOBAL_SET - INFO - Importing default configurations...
2024-03-20 18:19:40,994 - GLOBAL_SET - INFO - Initializing threads stack...
2024-03-20 18:19:40,994 - GLOBAL_SET - INFO - Adding service <SSH> to port: 8825
2024-03-20 18:19:41,587 - GLOBAL_SET - INFO - Adding service <HTTP> to port: 9999
2024-03-20 18:19:41,587 - GLOBAL_SET - INFO - Adding service <SMTP> to port: 9924
2024-03-20 18:19:41,587 - GLOBAL_SET - INFO - Adding service <Telnet> to port: 9925
2024-03-20 18:19:41,588 - GLOBAL_SET - INFO - Adding service <FTP> to port: 9926
2024-03-20 18:19:41,589 - GLOBAL_SET - INFO - Current [active] threads up: [<Thread(Thread-1 (start_server), started 6181171200)>, <Thread(Thread-2 (launch_web_server), started 6197997568)>, <Thread(Thread-3 (start_smtp), started 6214823936)>, <Thread(Thread-6 (start_server), started 6282129408)>]
2024-03-20 18:57:24,055 - GLOBAL_SET - INFO - Quitting...
